C:\DEV\CPP\COCOS2D-X\COCOS2D-2.0-X-2.0.4\TICTACTOE-RENATO\PROJ.WIN32\DEBUG.WIN32\APPDELEGATE.OBJ
C:\DEV\CPP\COCOS2D-X\COCOS2D-2.0-X-2.0.4\TICTACTOE-RENATO\PROJ.WIN32\DEBUG.WIN32\HELLOWORLDSCENE.OBJ
C:\DEV\CPP\COCOS2D-X\COCOS2D-2.0-X-2.0.4\TICTACTOE-RENATO\PROJ.WIN32\DEBUG.WIN32\MAIN.OBJ
C:\DEV\CPP\COCOS2D-X\COCOS2D-2.0-X-2.0.4\TICTACTOE-RENATO\PROJ.WIN32\DEBUG.WIN32\VC110.PDB
C:\DEV\CPP\COCOS2D-X\COCOS2D-2.0-X-2.0.4\DEBUG.WIN32\TICTACTOE-RENATO.WIN32.ILK
C:\DEV\CPP\COCOS2D-X\COCOS2D-2.0-X-2.0.4\DEBUG.WIN32\TICTACTOE-RENATO.WIN32.EXE
C:\DEV\CPP\COCOS2D-X\COCOS2D-2.0-X-2.0.4\DEBUG.WIN32\TICTACTOE-RENATO.WIN32.PDB
C:\DEV\CPP\COCOS2D-X\COCOS2D-2.0-X-2.0.4\TICTACTOE-RENATO\PROJ.WIN32\DEBUG.WIN32\TICTACTOE-RENATO.RES
C:\dev\cpp\cocos2d-x\cocos2d-2.0-x-2.0.4\tictactoe-renato\proj.win32\Debug.win32\AppDelegate.obj
C:\dev\cpp\cocos2d-x\cocos2d-2.0-x-2.0.4\tictactoe-renato\proj.win32\Debug.win32\main.obj
C:\dev\cpp\cocos2d-x\cocos2d-2.0-x-2.0.4\tictactoe-renato\proj.win32\Debug.win32\cl.command.1.tlog
C:\dev\cpp\cocos2d-x\cocos2d-2.0-x-2.0.4\tictactoe-renato\proj.win32\Debug.win32\CL.read.1.tlog
C:\dev\cpp\cocos2d-x\cocos2d-2.0-x-2.0.4\tictactoe-renato\proj.win32\Debug.win32\CL.write.1.tlog
C:\dev\cpp\cocos2d-x\cocos2d-2.0-x-2.0.4\tictactoe-renato\proj.win32\Debug.win32\link-cvtres.read.1.tlog
C:\dev\cpp\cocos2d-x\cocos2d-2.0-x-2.0.4\tictactoe-renato\proj.win32\Debug.win32\link-cvtres.write.1.tlog
C:\dev\cpp\cocos2d-x\cocos2d-2.0-x-2.0.4\tictactoe-renato\proj.win32\Debug.win32\link-rc.read.1.tlog
C:\dev\cpp\cocos2d-x\cocos2d-2.0-x-2.0.4\tictactoe-renato\proj.win32\Debug.win32\link-rc.write.1.tlog
C:\dev\cpp\cocos2d-x\cocos2d-2.0-x-2.0.4\tictactoe-renato\proj.win32\Debug.win32\link.1664-cvtres.read.1.tlog
C:\dev\cpp\cocos2d-x\cocos2d-2.0-x-2.0.4\tictactoe-renato\proj.win32\Debug.win32\link.1664-cvtres.write.1.tlog
C:\dev\cpp\cocos2d-x\cocos2d-2.0-x-2.0.4\tictactoe-renato\proj.win32\Debug.win32\link.1664-rc.read.1.tlog
C:\dev\cpp\cocos2d-x\cocos2d-2.0-x-2.0.4\tictactoe-renato\proj.win32\Debug.win32\link.1664-rc.write.1.tlog
C:\dev\cpp\cocos2d-x\cocos2d-2.0-x-2.0.4\tictactoe-renato\proj.win32\Debug.win32\link.1664.read.1.tlog
C:\dev\cpp\cocos2d-x\cocos2d-2.0-x-2.0.4\tictactoe-renato\proj.win32\Debug.win32\link.1664.write.1.tlog
C:\dev\cpp\cocos2d-x\cocos2d-2.0-x-2.0.4\tictactoe-renato\proj.win32\Debug.win32\link.5756-cvtres.read.1.tlog
C:\dev\cpp\cocos2d-x\cocos2d-2.0-x-2.0.4\tictactoe-renato\proj.win32\Debug.win32\link.5756-cvtres.write.1.tlog
C:\dev\cpp\cocos2d-x\cocos2d-2.0-x-2.0.4\tictactoe-renato\proj.win32\Debug.win32\link.5756-rc.read.1.tlog
C:\dev\cpp\cocos2d-x\cocos2d-2.0-x-2.0.4\tictactoe-renato\proj.win32\Debug.win32\link.5756-rc.write.1.tlog
C:\dev\cpp\cocos2d-x\cocos2d-2.0-x-2.0.4\tictactoe-renato\proj.win32\Debug.win32\link.5756.read.1.tlog
C:\dev\cpp\cocos2d-x\cocos2d-2.0-x-2.0.4\tictactoe-renato\proj.win32\Debug.win32\link.5756.write.1.tlog
C:\dev\cpp\cocos2d-x\cocos2d-2.0-x-2.0.4\tictactoe-renato\proj.win32\Debug.win32\link.6852-cvtres.read.1.tlog
C:\dev\cpp\cocos2d-x\cocos2d-2.0-x-2.0.4\tictactoe-renato\proj.win32\Debug.win32\link.6852-cvtres.write.1.tlog
C:\dev\cpp\cocos2d-x\cocos2d-2.0-x-2.0.4\tictactoe-renato\proj.win32\Debug.win32\link.6852-rc.read.1.tlog
C:\dev\cpp\cocos2d-x\cocos2d-2.0-x-2.0.4\tictactoe-renato\proj.win32\Debug.win32\link.6852-rc.write.1.tlog
C:\dev\cpp\cocos2d-x\cocos2d-2.0-x-2.0.4\tictactoe-renato\proj.win32\Debug.win32\link.6852.read.1.tlog
C:\dev\cpp\cocos2d-x\cocos2d-2.0-x-2.0.4\tictactoe-renato\proj.win32\Debug.win32\link.6852.write.1.tlog
C:\dev\cpp\cocos2d-x\cocos2d-2.0-x-2.0.4\tictactoe-renato\proj.win32\Debug.win32\link.7700-cvtres.read.1.tlog
C:\dev\cpp\cocos2d-x\cocos2d-2.0-x-2.0.4\tictactoe-renato\proj.win32\Debug.win32\link.7700-cvtres.write.1.tlog
C:\dev\cpp\cocos2d-x\cocos2d-2.0-x-2.0.4\tictactoe-renato\proj.win32\Debug.win32\link.7700-rc.read.1.tlog
C:\dev\cpp\cocos2d-x\cocos2d-2.0-x-2.0.4\tictactoe-renato\proj.win32\Debug.win32\link.7700-rc.write.1.tlog
C:\dev\cpp\cocos2d-x\cocos2d-2.0-x-2.0.4\tictactoe-renato\proj.win32\Debug.win32\link.7700.read.1.tlog
C:\dev\cpp\cocos2d-x\cocos2d-2.0-x-2.0.4\tictactoe-renato\proj.win32\Debug.win32\link.7700.write.1.tlog
C:\dev\cpp\cocos2d-x\cocos2d-2.0-x-2.0.4\tictactoe-renato\proj.win32\Debug.win32\link.command.1.tlog
C:\dev\cpp\cocos2d-x\cocos2d-2.0-x-2.0.4\tictactoe-renato\proj.win32\Debug.win32\link.read.1.tlog
C:\dev\cpp\cocos2d-x\cocos2d-2.0-x-2.0.4\tictactoe-renato\proj.win32\Debug.win32\link.write.1.tlog
C:\dev\cpp\cocos2d-x\cocos2d-2.0-x-2.0.4\tictactoe-renato\proj.win32\Debug.win32\rc.command.1.tlog
C:\dev\cpp\cocos2d-x\cocos2d-2.0-x-2.0.4\tictactoe-renato\proj.win32\Debug.win32\rc.read.1.tlog
C:\dev\cpp\cocos2d-x\cocos2d-2.0-x-2.0.4\tictactoe-renato\proj.win32\Debug.win32\rc.write.1.tlog
C:\dev\cpp\cocos2d-x\cocos2d-2.0-x-2.0.4\tictactoe-renato\proj.win32\Debug.win32\tictactoe-renato.res
C:\dev\cpp\cocos2d-x\cocos2d-2.0-x-2.0.4\tictactoe-renato\proj.win32\Debug.win32\vc110.idb
C:\dev\cpp\cocos2d-x\cocos2d-2.0-x-2.0.4\tictactoe-renato\proj.win32\Debug.win32\vc110.pdb
C:\dev\cpp\cocos2d-x\cocos2d-2.0-x-2.0.4\Debug.win32\tictactoe-renato.win32.pdb
C:\dev\cpp\cocos2d-x\cocos2d-2.0-x-2.0.4\Debug.win32\tictactoe-renato.win32.exe
C:\dev\cpp\cocos2d-x\cocos2d-2.0-x-2.0.4\Debug.win32\tictactoe-renato.win32.ilk
