C:\DEV\CPP\COCOS2D-X\COCOS2D-2.0-X-2.0.4\TICTACTOE-RENATO\PROJ.WIN32\RELEASE.WIN32\MAIN.OBJ
C:\DEV\CPP\COCOS2D-X\COCOS2D-2.0-X-2.0.4\TICTACTOE-RENATO\PROJ.WIN32\RELEASE.WIN32\VISIBLERECT.OBJ
C:\DEV\CPP\COCOS2D-X\COCOS2D-2.0-X-2.0.4\TICTACTOE-RENATO\PROJ.WIN32\RELEASE.WIN32\SPOT.OBJ
C:\DEV\CPP\COCOS2D-X\COCOS2D-2.0-X-2.0.4\TICTACTOE-RENATO\PROJ.WIN32\RELEASE.WIN32\HELLOWORLDSCENE.OBJ
C:\DEV\CPP\COCOS2D-X\COCOS2D-2.0-X-2.0.4\TICTACTOE-RENATO\PROJ.WIN32\RELEASE.WIN32\APPDELEGATE.OBJ
C:\DEV\CPP\COCOS2D-X\COCOS2D-2.0-X-2.0.4\RELEASE.WIN32\TICTACTOE-RENATO.WIN32.EXE
C:\DEV\CPP\COCOS2D-X\COCOS2D-2.0-X-2.0.4\TICTACTOE-RENATO\PROJ.WIN32\RELEASE.WIN32\TICTACTOE-RENATO.RES
C:\dev\cpp\cocos2d-x\cocos2d-2.0-x-2.0.4\tictactoe-renato\proj.win32\Release.win32\AppDelegate.obj
C:\dev\cpp\cocos2d-x\cocos2d-2.0-x-2.0.4\tictactoe-renato\proj.win32\Release.win32\HelloWorldScene.obj
C:\dev\cpp\cocos2d-x\cocos2d-2.0-x-2.0.4\tictactoe-renato\proj.win32\Release.win32\main.obj
C:\dev\cpp\cocos2d-x\cocos2d-2.0-x-2.0.4\tictactoe-renato\proj.win32\Release.win32\Spot.obj
C:\dev\cpp\cocos2d-x\cocos2d-2.0-x-2.0.4\tictactoe-renato\proj.win32\Release.win32\VisibleRect.obj
C:\dev\cpp\cocos2d-x\cocos2d-2.0-x-2.0.4\tictactoe-renato\proj.win32\Release.win32\cl.command.1.tlog
C:\dev\cpp\cocos2d-x\cocos2d-2.0-x-2.0.4\tictactoe-renato\proj.win32\Release.win32\CL.read.1.tlog
C:\dev\cpp\cocos2d-x\cocos2d-2.0-x-2.0.4\tictactoe-renato\proj.win32\Release.win32\CL.write.1.tlog
C:\dev\cpp\cocos2d-x\cocos2d-2.0-x-2.0.4\tictactoe-renato\proj.win32\Release.win32\link-cvtres.read.1.tlog
C:\dev\cpp\cocos2d-x\cocos2d-2.0-x-2.0.4\tictactoe-renato\proj.win32\Release.win32\link-cvtres.write.1.tlog
C:\dev\cpp\cocos2d-x\cocos2d-2.0-x-2.0.4\tictactoe-renato\proj.win32\Release.win32\link-rc.read.1.tlog
C:\dev\cpp\cocos2d-x\cocos2d-2.0-x-2.0.4\tictactoe-renato\proj.win32\Release.win32\link-rc.write.1.tlog
C:\dev\cpp\cocos2d-x\cocos2d-2.0-x-2.0.4\tictactoe-renato\proj.win32\Release.win32\link.command.1.tlog
C:\dev\cpp\cocos2d-x\cocos2d-2.0-x-2.0.4\tictactoe-renato\proj.win32\Release.win32\link.read.1.tlog
C:\dev\cpp\cocos2d-x\cocos2d-2.0-x-2.0.4\tictactoe-renato\proj.win32\Release.win32\link.write.1.tlog
C:\dev\cpp\cocos2d-x\cocos2d-2.0-x-2.0.4\tictactoe-renato\proj.win32\Release.win32\rc.command.1.tlog
C:\dev\cpp\cocos2d-x\cocos2d-2.0-x-2.0.4\tictactoe-renato\proj.win32\Release.win32\rc.read.1.tlog
C:\dev\cpp\cocos2d-x\cocos2d-2.0-x-2.0.4\tictactoe-renato\proj.win32\Release.win32\rc.write.1.tlog
C:\dev\cpp\cocos2d-x\cocos2d-2.0-x-2.0.4\tictactoe-renato\proj.win32\Release.win32\tictactoe-renato.res
C:\dev\cpp\cocos2d-x\cocos2d-2.0-x-2.0.4\Release.win32\tictactoe-renato.win32.exe
